<?xml version="1.0" encoding="UTF-8"?>
<testng-results ignored="0" total="3" passed="1" failed="2" skipped="0">
  <reporter-output>
    <line>
      <![CDATA[Test case Started t3]]>
    </line>
    <line>
      <![CDATA[Test case Failed t3]]>
    </line>
    <line>
      <![CDATA[Test case Started t1]]>
    </line>
    <line>
      <![CDATA[Test case Started t2]]>
    </line>
  </reporter-output>
  <suite started-at="2022-12-14T09:19:29 IST" name="Suite" finished-at="2022-12-14T09:20:31 IST" duration-ms="61293">
    <groups>
    </groups>
    <test started-at="2022-12-14T09:19:29 IST" name="Test" finished-at="2022-12-14T09:20:31 IST" duration-ms="61293">
      <class name="test_Cases.Tc3">
        <test-method is-config="true" signature="OpenApp()[pri:0, instance:test_Cases.Tc3@2e8c1c9b]" started-at="2022-12-14T09:19:29 IST" name="OpenApp" finished-at="2022-12-14T09:19:40 IST" duration-ms="10643" status="PASS">
          <reporter-output>
          </reporter-output>
        </test-method> <!-- OpenApp -->
        <test-method is-config="true" signature="login()[pri:0, instance:test_Cases.Tc3@2e8c1c9b]" started-at="2022-12-14T09:19:40 IST" name="login" finished-at="2022-12-14T09:19:40 IST" duration-ms="113" status="PASS">
          <reporter-output>
          </reporter-output>
        </test-method> <!-- login -->
        <test-method signature="t3()[pri:0, instance:test_Cases.Tc3@2e8c1c9b]" started-at="2022-12-14T09:19:40 IST" name="t3" finished-at="2022-12-14T09:19:50 IST" duration-ms="10098" status="PASS">
          <reporter-output>
            <line>
              <![CDATA[Test case Started t3]]>
            </line>
            <line>
              <![CDATA[Test case Failed t3]]>
            </line>
          </reporter-output>
        </test-method> <!-- t3 -->
        <test-method is-config="true" signature="logout()[pri:0, instance:test_Cases.Tc3@2e8c1c9b]" started-at="2022-12-14T09:19:50 IST" name="logout" finished-at="2022-12-14T09:19:53 IST" duration-ms="2754" status="PASS">
          <reporter-output>
          </reporter-output>
        </test-method> <!-- logout -->
        <test-method is-config="true" signature="closeApp()[pri:0, instance:test_Cases.Tc3@2e8c1c9b]" started-at="2022-12-14T09:19:53 IST" name="closeApp" finished-at="2022-12-14T09:19:53 IST" duration-ms="137" status="PASS">
          <reporter-output>
          </reporter-output>
        </test-method> <!-- closeApp -->
      </class> <!-- test_Cases.Tc3 -->
      <class name="test_Cases.Tc1">
        <test-method is-config="true" signature="OpenApp()[pri:0, instance:test_Cases.Tc1@4b741d6d]" started-at="2022-12-14T09:19:53 IST" name="OpenApp" finished-at="2022-12-14T09:20:02 IST" duration-ms="8836" status="PASS">
          <reporter-output>
          </reporter-output>
        </test-method> <!-- OpenApp -->
        <test-method is-config="true" signature="login()[pri:0, instance:test_Cases.Tc1@4b741d6d]" started-at="2022-12-14T09:20:02 IST" name="login" finished-at="2022-12-14T09:20:02 IST" duration-ms="105" status="PASS">
          <reporter-output>
          </reporter-output>
        </test-method> <!-- login -->
        <test-method signature="t1()[pri:0, instance:test_Cases.Tc1@4b741d6d]" started-at="2022-12-14T09:20:02 IST" name="t1" finished-at="2022-12-14T09:20:07 IST" duration-ms="5231" status="FAIL">
          <exception class="java.lang.NoClassDefFoundError">
            <message>
              <![CDATA[org/apache/poi/util/POILogFactory]]>
            </message>
            <full-stacktrace>
              <![CDATA[java.lang.NoClassDefFoundError: org/apache/poi/util/POILogFactory
at org.apache.poi.openxml4j.opc.OPCPackage.<clinit>(OPCPackage.java:73)
at org.apache.poi.xssf.usermodel.XSSFWorkbookFactory.create(XSSFWorkbookFactory.java:97)
at org.apache.poi.xssf.usermodel.XSSFWorkbookFactory.create(XSSFWorkbookFactory.java:36)
at org.apache.poi.ss.usermodel.WorkbookFactory.lambda$create$2(WorkbookFactory.java:208)
at org.apache.poi.ss.usermodel.WorkbookFactory.wp(WorkbookFactory.java:304)
at org.apache.poi.ss.usermodel.WorkbookFactory.create(WorkbookFactory.java:208)
at org.apache.poi.ss.usermodel.WorkbookFactory.create(WorkbookFactory.java:172)
at Data_Utility.Data_Driven.excelFetch(Data_Driven.java:17)
at test_Cases.Tc1.t1(Tc1.java:14)
at java.base/jdk.internal.reflect.NativeMethodAccessorImpl.invoke0(Native Method)
at java.base/jdk.internal.reflect.NativeMethodAccessorImpl.invoke(NativeMethodAccessorImpl.java:77)
at java.base/jdk.internal.reflect.DelegatingMethodAccessorImpl.invoke(DelegatingMethodAccessorImpl.java:43)
at java.base/java.lang.reflect.Method.invoke(Method.java:568)
at org.testng.internal.MethodInvocationHelper.invokeMethod(MethodInvocationHelper.java:133)
at org.testng.internal.TestInvoker.invokeMethod(TestInvoker.java:598)
at org.testng.internal.TestInvoker.invokeTestMethod(TestInvoker.java:173)
at org.testng.internal.MethodRunner.runInSequence(MethodRunner.java:46)
at org.testng.internal.TestInvoker$MethodInvocationAgent.invoke(TestInvoker.java:824)
at org.testng.internal.TestInvoker.invokeTestMethods(TestInvoker.java:146)
at org.testng.internal.TestMethodWorker.invokeTestMethods(TestMethodWorker.java:146)
at org.testng.internal.TestMethodWorker.run(TestMethodWorker.java:128)
at java.base/java.util.ArrayList.forEach(ArrayList.java:1511)
at org.testng.TestRunner.privateRun(TestRunner.java:794)
at org.testng.TestRunner.run(TestRunner.java:596)
at org.testng.SuiteRunner.runTest(SuiteRunner.java:377)
at org.testng.SuiteRunner.runSequentially(SuiteRunner.java:371)
at org.testng.SuiteRunner.privateRun(SuiteRunner.java:332)
at org.testng.SuiteRunner.run(SuiteRunner.java:276)
at org.testng.SuiteRunnerWorker.runSuite(SuiteRunnerWorker.java:53)
at org.testng.SuiteRunnerWorker.run(SuiteRunnerWorker.java:96)
at org.testng.TestNG.runSuitesSequentially(TestNG.java:1212)
at org.testng.TestNG.runSuitesLocally(TestNG.java:1134)
at org.testng.TestNG.runSuites(TestNG.java:1063)
at org.testng.TestNG.run(TestNG.java:1031)
at org.testng.remote.AbstractRemoteTestNG.run(AbstractRemoteTestNG.java:115)
at org.testng.remote.RemoteTestNG.initAndRun(RemoteTestNG.java:251)
at org.testng.remote.RemoteTestNG.main(RemoteTestNG.java:77)
Caused by: java.lang.ClassNotFoundException: org.apache.poi.util.POILogFactory
at java.base/jdk.internal.loader.BuiltinClassLoader.loadClass(BuiltinClassLoader.java:641)
at java.base/jdk.internal.loader.ClassLoaders$AppClassLoader.loadClass(ClassLoaders.java:188)
at java.base/java.lang.ClassLoader.loadClass(ClassLoader.java:520)
... 37 more
]]>
            </full-stacktrace>
          </exception> <!-- java.lang.NoClassDefFoundError -->
          <reporter-output>
            <line>
              <![CDATA[Test case Started t1]]>
            </line>
          </reporter-output>
        </test-method> <!-- t1 -->
        <test-method is-config="true" signature="logout()[pri:0, instance:test_Cases.Tc1@4b741d6d]" started-at="2022-12-14T09:20:08 IST" name="logout" finished-at="2022-12-14T09:20:11 IST" duration-ms="2849" status="PASS">
          <reporter-output>
          </reporter-output>
        </test-method> <!-- logout -->
        <test-method is-config="true" signature="closeApp()[pri:0, instance:test_Cases.Tc1@4b741d6d]" started-at="2022-12-14T09:20:11 IST" name="closeApp" finished-at="2022-12-14T09:20:11 IST" duration-ms="135" status="PASS">
          <reporter-output>
          </reporter-output>
        </test-method> <!-- closeApp -->
      </class> <!-- test_Cases.Tc1 -->
      <class name="test_Cases.Tc2">
        <test-method is-config="true" signature="OpenApp()[pri:0, instance:test_Cases.Tc2@2eae8e6e]" started-at="2022-12-14T09:20:11 IST" name="OpenApp" finished-at="2022-12-14T09:20:20 IST" duration-ms="9310" status="PASS">
          <reporter-output>
          </reporter-output>
        </test-method> <!-- OpenApp -->
        <test-method is-config="true" signature="login()[pri:0, instance:test_Cases.Tc2@2eae8e6e]" started-at="2022-12-14T09:20:20 IST" name="login" finished-at="2022-12-14T09:20:20 IST" duration-ms="105" status="PASS">
          <reporter-output>
          </reporter-output>
        </test-method> <!-- login -->
        <test-method signature="t2()[pri:0, instance:test_Cases.Tc2@2eae8e6e]" started-at="2022-12-14T09:20:20 IST" name="t2" finished-at="2022-12-14T09:20:28 IST" duration-ms="7427" status="FAIL">
          <exception class="java.lang.NoClassDefFoundError">
            <message>
              <![CDATA[Could not initialize class org.apache.poi.openxml4j.opc.OPCPackage]]>
            </message>
            <full-stacktrace>
              <![CDATA[java.lang.NoClassDefFoundError: Could not initialize class org.apache.poi.openxml4j.opc.OPCPackage
at org.apache.poi.xssf.usermodel.XSSFWorkbookFactory.create(XSSFWorkbookFactory.java:97)
at org.apache.poi.xssf.usermodel.XSSFWorkbookFactory.create(XSSFWorkbookFactory.java:36)
at org.apache.poi.ss.usermodel.WorkbookFactory.lambda$create$2(WorkbookFactory.java:208)
at org.apache.poi.ss.usermodel.WorkbookFactory.wp(WorkbookFactory.java:304)
at org.apache.poi.ss.usermodel.WorkbookFactory.create(WorkbookFactory.java:208)
at org.apache.poi.ss.usermodel.WorkbookFactory.create(WorkbookFactory.java:172)
at Data_Utility.Data_Driven.excelFetch(Data_Driven.java:17)
at test_Cases.Tc2.t2(Tc2.java:19)
at java.base/jdk.internal.reflect.NativeMethodAccessorImpl.invoke0(Native Method)
at java.base/jdk.internal.reflect.NativeMethodAccessorImpl.invoke(NativeMethodAccessorImpl.java:77)
at java.base/jdk.internal.reflect.DelegatingMethodAccessorImpl.invoke(DelegatingMethodAccessorImpl.java:43)
at java.base/java.lang.reflect.Method.invoke(Method.java:568)
at org.testng.internal.MethodInvocationHelper.invokeMethod(MethodInvocationHelper.java:133)
at org.testng.internal.TestInvoker.invokeMethod(TestInvoker.java:598)
at org.testng.internal.TestInvoker.invokeTestMethod(TestInvoker.java:173)
at org.testng.internal.MethodRunner.runInSequence(MethodRunner.java:46)
at org.testng.internal.TestInvoker$MethodInvocationAgent.invoke(TestInvoker.java:824)
at org.testng.internal.TestInvoker.invokeTestMethods(TestInvoker.java:146)
at org.testng.internal.TestMethodWorker.invokeTestMethods(TestMethodWorker.java:146)
at org.testng.internal.TestMethodWorker.run(TestMethodWorker.java:128)
at java.base/java.util.ArrayList.forEach(ArrayList.java:1511)
at org.testng.TestRunner.privateRun(TestRunner.java:794)
at org.testng.TestRunner.run(TestRunner.java:596)
at org.testng.SuiteRunner.runTest(SuiteRunner.java:377)
at org.testng.SuiteRunner.runSequentially(SuiteRunner.java:371)
at org.testng.SuiteRunner.privateRun(SuiteRunner.java:332)
at org.testng.SuiteRunner.run(SuiteRunner.java:276)
at org.testng.SuiteRunnerWorker.runSuite(SuiteRunnerWorker.java:53)
at org.testng.SuiteRunnerWorker.run(SuiteRunnerWorker.java:96)
at org.testng.TestNG.runSuitesSequentially(TestNG.java:1212)
at org.testng.TestNG.runSuitesLocally(TestNG.java:1134)
at org.testng.TestNG.runSuites(TestNG.java:1063)
at org.testng.TestNG.run(TestNG.java:1031)
at org.testng.remote.AbstractRemoteTestNG.run(AbstractRemoteTestNG.java:115)
at org.testng.remote.RemoteTestNG.initAndRun(RemoteTestNG.java:251)
at org.testng.remote.RemoteTestNG.main(RemoteTestNG.java:77)
]]>
            </full-stacktrace>
          </exception> <!-- java.lang.NoClassDefFoundError -->
          <reporter-output>
            <line>
              <![CDATA[Test case Started t2]]>
            </line>
          </reporter-output>
        </test-method> <!-- t2 -->
        <test-method is-config="true" signature="logout()[pri:0, instance:test_Cases.Tc2@2eae8e6e]" started-at="2022-12-14T09:20:28 IST" name="logout" finished-at="2022-12-14T09:20:31 IST" duration-ms="2481" status="PASS">
          <reporter-output>
          </reporter-output>
        </test-method> <!-- logout -->
        <test-method is-config="true" signature="closeApp()[pri:0, instance:test_Cases.Tc2@2eae8e6e]" started-at="2022-12-14T09:20:31 IST" name="closeApp" finished-at="2022-12-14T09:20:31 IST" duration-ms="124" status="PASS">
          <reporter-output>
          </reporter-output>
        </test-method> <!-- closeApp -->
      </class> <!-- test_Cases.Tc2 -->
    </test> <!-- Test -->
  </suite> <!-- Suite -->
</testng-results>
