<?xml version="1.0" encoding="UTF-8"?>
<!-- Generated by org.testng.reporters.JUnitXMLReporter -->
<testsuite ignored="0" hostname="MANISH" failures="2" tests="3" name="Test" time="61.293" errors="0" timestamp="2022-12-14T09:20:31 IST">
  <testcase classname="test_Cases.Tc3" name="t3" time="10.098"/>
  <testcase classname="test_Cases.Tc1" name="t1" time="5.231">
    <failure type="java.lang.NoClassDefFoundError" message="org/apache/poi/util/POILogFactory">
      <![CDATA[java.lang.NoClassDefFoundError: org/apache/poi/util/POILogFactory
at org.apache.poi.openxml4j.opc.OPCPackage.<clinit>(OPCPackage.java:73)
at org.apache.poi.xssf.usermodel.XSSFWorkbookFactory.create(XSSFWorkbookFactory.java:97)
at org.apache.poi.xssf.usermodel.XSSFWorkbookFactory.create(XSSFWorkbookFactory.java:36)
at org.apache.poi.ss.usermodel.WorkbookFactory.lambda$create$2(WorkbookFactory.java:208)
at org.apache.poi.ss.usermodel.WorkbookFactory.wp(WorkbookFactory.java:304)
at org.apache.poi.ss.usermodel.WorkbookFactory.create(WorkbookFactory.java:208)
at org.apache.poi.ss.usermodel.WorkbookFactory.create(WorkbookFactory.java:172)
at Data_Utility.Data_Driven.excelFetch(Data_Driven.java:17)
at test_Cases.Tc1.t1(Tc1.java:14)
at java.base/java.util.ArrayList.forEach(ArrayList.java:1511)
Caused by: java.lang.ClassNotFoundException: org.apache.poi.util.POILogFactory
at java.base/jdk.internal.loader.BuiltinClassLoader.loadClass(BuiltinClassLoader.java:641)
at java.base/jdk.internal.loader.ClassLoaders$AppClassLoader.loadClass(ClassLoaders.java:188)
at java.base/java.lang.ClassLoader.loadClass(ClassLoader.java:520)
... 37 more
... Removed 27 stack frames]]>
    </failure>
  </testcase> <!-- t1 -->
  <testcase classname="test_Cases.Tc2" name="t2" time="7.427">
    <failure type="java.lang.NoClassDefFoundError" message="Could not initialize class org.apache.poi.openxml4j.opc.OPCPackage">
      <![CDATA[java.lang.NoClassDefFoundError: Could not initialize class org.apache.poi.openxml4j.opc.OPCPackage
at org.apache.poi.xssf.usermodel.XSSFWorkbookFactory.create(XSSFWorkbookFactory.java:97)
at org.apache.poi.xssf.usermodel.XSSFWorkbookFactory.create(XSSFWorkbookFactory.java:36)
at org.apache.poi.ss.usermodel.WorkbookFactory.lambda$create$2(WorkbookFactory.java:208)
at org.apache.poi.ss.usermodel.WorkbookFactory.wp(WorkbookFactory.java:304)
at org.apache.poi.ss.usermodel.WorkbookFactory.create(WorkbookFactory.java:208)
at org.apache.poi.ss.usermodel.WorkbookFactory.create(WorkbookFactory.java:172)
at Data_Utility.Data_Driven.excelFetch(Data_Driven.java:17)
at test_Cases.Tc2.t2(Tc2.java:19)
at java.base/java.util.ArrayList.forEach(ArrayList.java:1511)
... Removed 27 stack frames]]>
    </failure>
  </testcase> <!-- t2 -->
</testsuite> <!-- Test -->
